<?xml version="1.0" encoding="UTF-8"?>
<testsuite xmlns:xsi="http://www.w3.org/2001/XMLSchema-instance" xsi:noNamespaceSchemaLocation="https://maven.apache.org/surefire/maven-surefire-plugin/xsd/surefire-test-report-3.0.xsd" version="3.0" name="BookTest" time="0.054" tests="7" errors="0" skipped="0" failures="0">
  <properties>
[...]
</properties>
  <testcase name="testAddBook" classname="BookTest" time="0.026">
    <system-out><![CDATA[Il libro è stato trovato
]]></system-out>
  </testcase>
  <testcase name="testPaperBookCreation" classname="BookTest" time="0.003"/>
  <testcase name="testListBooks" classname="BookTest" time="0">
    <system-out><![CDATA[La libreria contiene i seguenti elementi: 
]]></system-out>
  </testcase>
  <testcase name="testGetBookByAuthor" classname="BookTest" time="0.002"/>
  <testcase name="assertBookCreation" classname="BookTest" time="0.001"/>
  <testcase name="testRemoveBook" classname="BookTest" time="0.001">
    <system-out><![CDATA[Non esiste un libro corrispondente
]]></system-out>
  </testcase>
  <testcase name="testEbookCreation" classname="BookTest" time="0.004"/>
</testsuite>